<?xml version="1.0" encoding="UTF-8"?>
<!-- Generated by org.testng.reporters.JUnitReportReporter -->
<testsuite skipped="0" hostname="MAVBCP547" name="com.assignments.assignment1" tests="17" failures="0" timestamp="2020-07-03T10:40:25 AST" time="0.078" errors="0">
  <testcase name="testDivide" time="0.003" classname="com.assignments.assignment1"/>
  <system-out>
TestNG Assignment -> testDivide assertion passed for inputs 16, 2  </system-out>
  <testcase name="testRealDivide" time="0.003" classname="com.assignments.assignment1"/>
  <system-out>
TestNG Assignment -> testRealDivide assertion passed for inputs 1, 1  </system-out>
  <testcase name="testMultiply" time="0.021" classname="com.assignments.assignment1"/>
  <system-out>
TestNG Assignment -> testMultiply assertion passed for inputs 32, 4  </system-out>
  <testcase name="testAdd" time="0.002" classname="com.assignments.assignment1"/>
  <system-out>
TestNG Assignment -> testAdd assertion passed for inputs 16, 2  </system-out>
  <testcase name="testNegated" time="0.004" classname="com.assignments.assignment1"/>
  <system-out>
TestNG Assignment -> testNegated assertion passed for inputs 32  </system-out>
  <testcase name="testMod" time="0.002" classname="com.assignments.assignment1"/>
  <system-out>
TestNG Assignment -> testMod assertion passed for inputs 2  </system-out>
  <testcase name="testSub" time="0.002" classname="com.assignments.assignment1"/>
  <system-out>
TestNG Assignment -> testSub assertion passed for inputs 1, 1  </system-out>
  <testcase name="testRealDivide" time="0.001" classname="com.assignments.assignment1"/>
  <system-out>
TestNG Assignment -> testRealDivide assertion passed for inputs 1, 2  </system-out>
  <testcase name="testExponent" time="0.021" classname="com.assignments.assignment1"/>
  <system-out>
TestNG Assignment -> testExponent assertion passed for inputs 1, 2  </system-out>
  <testcase name="testRealDivide" time="0.002" classname="com.assignments.assignment1"/>
  <system-out>
TestNG Assignment -> testRealDivide assertion passed for inputs 2, 1  </system-out>
  <testcase name="testExponent" time="0.004" classname="com.assignments.assignment1"/>
  <system-out>
TestNG Assignment -> testExponent assertion passed for inputs 2, 1  </system-out>
  <testcase name="testInverse" time="0.001" classname="com.assignments.assignment1"/>
  <system-out>
TestNG Assignment -> testInverse assertion passed for inputs 16  </system-out>
  <testcase name="testExponent" time="0.005" classname="com.assignments.assignment1"/>
  <system-out>
TestNG Assignment -> testExponent assertion passed for inputs 1, 1  </system-out>
  <testcase name="testMod" time="0.003" classname="com.assignments.assignment1"/>
  <system-out>
TestNG Assignment -> testMod assertion passed for inputs 1  </system-out>
  <testcase name="testSub" time="0.003" classname="com.assignments.assignment1"/>
  <system-out>
TestNG Assignment -> testSub assertion passed for inputs 1, 2  </system-out>
  <testcase name="testMod" time="0.001" classname="com.assignments.assignment1"/>
  <system-out>
TestNG Assignment -> testMod assertion passed for inputs 1  </system-out>
  <testcase name="testSub" time="0.000" classname="com.assignments.assignment1"/>
  <system-out>
TestNG Assignment -> testSub assertion passed for inputs 2, 1  </system-out>
</testsuite> <!-- com.assignments.assignment1 -->
